Arguments: 
  C:\Program Files\nodejs\node.exe C:\Users\moeez\AppData\Roaming\npm\node_modules\yarn\bin\yarn.js add bycryptjs

PATH: 
  C:\Windows\system32;C:\Windows;C:\Windows\System32\Wbem;C:\Windows\System32\WindowsPowerShell\v1.0\;C:\Windows\System32\OpenSSH\;C:\Program Files (x86)\NVIDIA Corporation\PhysX\Common;C:\Program Files\NVIDIA Corporation\NVIDIA NvDLISR;C:\WINDOWS\system32;C:\WINDOWS;C:\WINDOWS\System32\Wbem;C:\WINDOWS\System32\WindowsPowerShell\v1.0\;C:\WINDOWS\System32\OpenSSH\;C:\Program Files\Git\cmd;C:\Program Files\nodejs\;C:\Users\moeez\AppData\Local\Programs\Python\Python311\Scripts\;C:\Users\moeez\AppData\Local\Programs\Python\Python311\;C:\Users\moeez\AppData\Local\Microsoft\WindowsApps;C:\Users\moeez\AppData\Local\Programs\Microsoft VS Code\bin;C:\Users\moeez\AppData\Local\GitHubDesktop\bin;C:\Users\moeez\AppData\Roaming\npm

Yarn version: 
  1.22.19

Node version: 
  18.16.1

Platform: 
  win32 x64

Trace: 
  Error: https://registry.yarnpkg.com/bycryptjs: Not found
      at params.callback [as _callback] (C:\Users\moeez\AppData\Roaming\npm\node_modules\yarn\lib\cli.js:66145:18)
      at self.callback (C:\Users\moeez\AppData\Roaming\npm\node_modules\yarn\lib\cli.js:140890:22)
      at Request.emit (node:events:513:28)
      at Request.<anonymous> (C:\Users\moeez\AppData\Roaming\npm\node_modules\yarn\lib\cli.js:141862:10)
      at Request.emit (node:events:513:28)
      at IncomingMessage.<anonymous> (C:\Users\moeez\AppData\Roaming\npm\node_modules\yarn\lib\cli.js:141784:12)
      at Object.onceWrapper (node:events:627:28)
      at IncomingMessage.emit (node:events:525:35)
      at endReadableNT (node:internal/streams/readable:1359:12)
      at process.processTicksAndRejections (node:internal/process/task_queues:82:21)

npm manifest: 
  {
    "name": "backend_blog_app",
    "version": "1.0.0",
    "description": "",
    "main": "server.js",
    "scripts": {
      "start": "node -r esm server.js",
      "dev": "nodemon -r esm server.js"
    },
    "keywords": [],
    "author": "",
    "license": "ISC",
    "dependencies": {
      "dotenv": "^16.3.1",
      "esm": "^3.2.25",
      "express": "^4.18.2",
      "mongodb": "^5.7.0",
      "mongoose": "^7.3.4"
    }
  }

yarn manifest: 
  No manifest

Lockfile: 
  # THIS IS AN AUTOGENERATED FILE. DO NOT EDIT THIS FILE DIRECTLY.
  # yarn lockfile v1
  
  
  "@aws-crypto/crc32@3.0.0":
    version "3.0.0"
    resolved "https://registry.npmjs.org/@aws-crypto/crc32/-/crc32-3.0.0.tgz"
    integrity sha512-IzSgsrxUcsrejQbPVilIKy16kAT52EwB6zSaI+M3xxIhKh5+aldEyvI+z6erM7TCLB2BJsFrtHjp6/4/sr+3dA==
    dependencies:
      "@aws-crypto/util" "^3.0.0"
      "@aws-sdk/types" "^3.222.0"
      tslib "^1.11.1"
  
  "@aws-crypto/ie11-detection@^3.0.0":
    version "3.0.0"
    resolved "https://registry.npmjs.org/@aws-crypto/ie11-detection/-/ie11-detection-3.0.0.tgz"
    integrity sha512-341lBBkiY1DfDNKai/wXM3aujNBkXR7tq1URPQDL9wi3AUbI80NR74uF1TXHMm7po1AcnFk8iu2S2IeU/+/A+Q==
    dependencies:
      tslib "^1.11.1"
  
  "@aws-crypto/sha256-browser@3.0.0":
    version "3.0.0"
    resolved "https://registry.npmjs.org/@aws-crypto/sha256-browser/-/sha256-browser-3.0.0.tgz"
    integrity sha512-8VLmW2B+gjFbU5uMeqtQM6Nj0/F1bro80xQXCW6CQBWgosFWXTx77aeOF5CAIAmbOK64SdMBJdNr6J41yP5mvQ==
    dependencies:
      "@aws-crypto/ie11-detection" "^3.0.0"
      "@aws-crypto/sha256-js" "^3.0.0"
      "@aws-crypto/supports-web-crypto" "^3.0.0"
      "@aws-crypto/util" "^3.0.0"
      "@aws-sdk/types" "^3.222.0"
      "@aws-sdk/util-locate-window" "^3.0.0"
      "@aws-sdk/util-utf8-browser" "^3.0.0"
      tslib "^1.11.1"
  
  "@aws-crypto/sha256-js@^3.0.0", "@aws-crypto/sha256-js@3.0.0":
    version "3.0.0"
    resolved "https://registry.npmjs.org/@aws-crypto/sha256-js/-/sha256-js-3.0.0.tgz"
    integrity sha512-PnNN7os0+yd1XvXAy23CFOmTbMaDxgxXtTKHybrJ39Y8kGzBATgBFibWJKH6BhytLI/Zyszs87xCOBNyBig6vQ==
    dependencies:
      "@aws-crypto/util" "^3.0.0"
      "@aws-sdk/types" "^3.222.0"
      tslib "^1.11.1"
  
  "@aws-crypto/supports-web-crypto@^3.0.0":
    version "3.0.0"
    resolved "https://registry.npmjs.org/@aws-crypto/supports-web-crypto/-/supports-web-crypto-3.0.0.tgz"
    integrity sha512-06hBdMwUAb2WFTuGG73LSC0wfPu93xWwo5vL2et9eymgmu3Id5vFAHBbajVWiGhPO37qcsdCap/FqXvJGJWPIg==
    dependencies:
      tslib "^1.11.1"
  
  "@aws-crypto/util@^3.0.0":
    version "3.0.0"
    resolved "https://registry.npmjs.org/@aws-crypto/util/-/util-3.0.0.tgz"
    integrity sha512-2OJlpeJpCR48CC8r+uKVChzs9Iungj9wkZrl8Z041DWEWvyIHILYKCPNzJghKsivj+S3mLo6BVc7mBNzdxA46w==
    dependencies:
      "@aws-sdk/types" "^3.222.0"
      "@aws-sdk/util-utf8-browser" "^3.0.0"
      tslib "^1.11.1"
  
  "@aws-sdk/client-cognito-identity@3.369.0":
    version "3.369.0"
    resolved "https://registry.npmjs.org/@aws-sdk/client-cognito-identity/-/client-cognito-identity-3.369.0.tgz"
    integrity sha512-YZSjxtWJ70Xj4G230iDGLXJHF4asy1FrTnTkNfyMA3uHmhgL3kUI9yk9E93FRy9XWboI8a39WC0vEgr6zvuBFQ==
    dependencies:
      "@aws-crypto/sha256-browser" "3.0.0"
      "@aws-crypto/sha256-js" "3.0.0"
      "@aws-sdk/client-sts" "3.369.0"
      "@aws-sdk/credential-provider-node" "3.369.0"
      "@aws-sdk/middleware-host-header" "3.369.0"
      "@aws-sdk/middleware-logger" "3.369.0"
      "@aws-sdk/middleware-recursion-detection" "3.369.0"
      "@aws-sdk/middleware-signing" "3.369.0"
      "@aws-sdk/middleware-user-agent" "3.369.0"
      "@aws-sdk/types" "3.369.0"
      "@aws-sdk/util-endpoints" "3.369.0"
      "@aws-sdk/util-user-agent-browser" "3.369.0"
      "@aws-sdk/util-user-agent-node" "3.369.0"
      "@smithy/config-resolver" "^1.0.1"
      "@smithy/fetch-http-handler" "^1.0.1"
      "@smithy/hash-node" "^1.0.1"
      "@smithy/invalid-dependency" "^1.0.1"
      "@smithy/middleware-content-length" "^1.0.1"
      "@smithy/middleware-endpoint" "^1.0.1"
      "@smithy/middleware-retry" "^1.0.2"
      "@smithy/middleware-serde" "^1.0.1"
      "@smithy/middleware-stack" "^1.0.1"
      "@smithy/node-config-provider" "^1.0.1"
      "@smithy/node-http-handler" "^1.0.2"
      "@smithy/protocol-http" "^1.0.1"
      "@smithy/smithy-client" "^1.0.3"
      "@smithy/types" "^1.1.0"
      "@smithy/url-parser" "^1.0.1"
      "@smithy/util-base64" "^1.0.1"
      "@smithy/util-body-length-browser" "^1.0.1"
      "@smithy/util-body-length-node" "^1.0.1"
      "@smithy/util-defaults-mode-browser" "^1.0.1"
      "@smithy/util-defaults-mode-node" "^1.0.1"
      "@smithy/util-retry" "^1.0.2"
      "@smithy/util-utf8" "^1.0.1"
      tslib "^2.5.0"
  
  "@aws-sdk/client-sso-oidc@3.369.0":
    version "3.369.0"
    resolved "https://registry.npmjs.org/@aws-sdk/client-sso-oidc/-/client-sso-oidc-3.369.0.tgz"
    integrity sha512-NOnsRrkHMss9pE68uTPMEt1KoW6eWt4ZCesJayCOiIgmIA/AhXHz06IBCYJ9eu9Xbu/55FDr4X3VCtUf7Rfh6g==
    dependencies:
      "@aws-crypto/sha256-browser" "3.0.0"
      "@aws-crypto/sha256-js" "3.0.0"
      "@aws-sdk/middleware-host-header" "3.369.0"
      "@aws-sdk/middleware-logger" "3.369.0"
      "@aws-sdk/middleware-recursion-detection" "3.369.0"
      "@aws-sdk/middleware-user-agent" "3.369.0"
      "@aws-sdk/types" "3.369.0"
      "@aws-sdk/util-endpoints" "3.369.0"
      "@aws-sdk/util-user-agent-browser" "3.369.0"
      "@aws-sdk/util-user-agent-node" "3.369.0"
      "@smithy/config-resolver" "^1.0.1"
      "@smithy/fetch-http-handler" "^1.0.1"
      "@smithy/hash-node" "^1.0.1"
      "@smithy/invalid-dependency" "^1.0.1"
      "@smithy/middleware-content-length" "^1.0.1"
      "@smithy/middleware-endpoint" "^1.0.1"
      "@smithy/middleware-retry" "^1.0.2"
      "@smithy/middleware-serde" "^1.0.1"
      "@smithy/middleware-stack" "^1.0.1"
      "@smithy/node-config-provider" "^1.0.1"
      "@smithy/node-http-handler" "^1.0.2"
      "@smithy/protocol-http" "^1.0.1"
      "@smithy/smithy-client" "^1.0.3"
      "@smithy/types" "^1.1.0"
      "@smithy/url-parser" "^1.0.1"
      "@smithy/util-base64" "^1.0.1"
      "@smithy/util-body-length-browser" "^1.0.1"
      "@smithy/util-body-length-node" "^1.0.1"
      "@smithy/util-defaults-mode-browser" "^1.0.1"
      "@smithy/util-defaults-mode-node" "^1.0.1"
      "@smithy/util-retry" "^1.0.2"
      "@smithy/util-utf8" "^1.0.1"
      tslib "^2.5.0"
  
  "@aws-sdk/client-sso@3.369.0":
    version "3.369.0"
    resolved "https://registry.npmjs.org/@aws-sdk/client-sso/-/client-sso-3.369.0.tgz"
    integrity sha512-SjJd9QGT9ccHOY64qnMfvVjrneBORIx/k8OdtL0nV2wemPqCM9uAm+TYZ01E91D/+lfXS+lLMGSidSA39PMIOA==
    dependencies:
      "@aws-crypto/sha256-browser" "3.0.0"
      "@aws-crypto/sha256-js" "3.0.0"
      "@aws-sdk/middleware-host-header" "3.369.0"
      "@aws-sdk/middleware-logger" "3.369.0"
      "@aws-sdk/middleware-recursion-detection" "3.369.0"
      "@aws-sdk/middleware-user-agent" "3.369.0"
      "@aws-sdk/types" "3.369.0"
      "@aws-sdk/util-endpoints" "3.369.0"
      "@aws-sdk/util-user-agent-browser" "3.369.0"
      "@aws-sdk/util-user-agent-node" "3.369.0"
      "@smithy/config-resolver" "^1.0.1"
      "@smithy/fetch-http-handler" "^1.0.1"
      "@smithy/hash-node" "^1.0.1"
      "@smithy/invalid-dependency" "^1.0.1"
      "@smithy/middleware-content-length" "^1.0.1"
      "@smithy/middleware-endpoint" "^1.0.1"
      "@smithy/middleware-retry" "^1.0.2"
      "@smithy/middleware-serde" "^1.0.1"
      "@smithy/middleware-stack" "^1.0.1"
      "@smithy/node-config-provider" "^1.0.1"
      "@smithy/node-http-handler" "^1.0.2"
      "@smithy/protocol-http" "^1.0.1"
      "@smithy/smithy-client" "^1.0.3"
      "@smithy/types" "^1.1.0"
      "@smithy/url-parser" "^1.0.1"
      "@smithy/util-base64" "^1.0.1"
      "@smithy/util-body-length-browser" "^1.0.1"
      "@smithy/util-body-length-node" "^1.0.1"
      "@smithy/util-defaults-mode-browser" "^1.0.1"
      "@smithy/util-defaults-mode-node" "^1.0.1"
      "@smithy/util-retry" "^1.0.2"
      "@smithy/util-utf8" "^1.0.1"
      tslib "^2.5.0"
  
  "@aws-sdk/client-sts@3.369.0":
    version "3.369.0"
    resolved "https://registry.npmjs.org/@aws-sdk/client-sts/-/client-sts-3.369.0.tgz"
    integrity sha512-kyZl654U27gsQX9UjiiO4CX5M6kHwzDouwbhjc5HshQld/lUbJQ4uPpAwhlbZiqnzGeB639MdAGaSwrOOw2ixw==
    dependencies:
      "@aws-crypto/sha256-browser" "3.0.0"
      "@aws-crypto/sha256-js" "3.0.0"
      "@aws-sdk/credential-provider-node" "3.369.0"
      "@aws-sdk/middleware-host-header" "3.369.0"
      "@aws-sdk/middleware-logger" "3.369.0"
      "@aws-sdk/middleware-recursion-detection" "3.369.0"
      "@aws-sdk/middleware-sdk-sts" "3.369.0"
      "@aws-sdk/middleware-signing" "3.369.0"
      "@aws-sdk/middleware-user-agent" "3.369.0"
      "@aws-sdk/types" "3.369.0"
      "@aws-sdk/util-endpoints" "3.369.0"
      "@aws-sdk/util-user-agent-browser" "3.369.0"
      "@aws-sdk/util-user-agent-node" "3.369.0"
      "@smithy/config-resolver" "^1.0.1"
      "@smithy/fetch-http-handler" "^1.0.1"
      "@smithy/hash-node" "^1.0.1"
      "@smithy/invalid-dependency" "^1.0.1"
      "@smithy/middleware-content-length" "^1.0.1"
      "@smithy/middleware-endpoint" "^1.0.1"
      "@smithy/middleware-retry" "^1.0.1"
      "@smithy/middleware-serde" "^1.0.1"
      "@smithy/middleware-stack" "^1.0.1"
      "@smithy/node-config-provider" "^1.0.1"
      "@smithy/node-http-handler" "^1.0.1"
      "@smithy/protocol-http" "^1.1.0"
      "@smithy/smithy-client" "^1.0.2"
      "@smithy/types" "^1.1.0"
      "@smithy/url-parser" "^1.0.1"
      "@smithy/util-base64" "^1.0.1"
      "@smithy/util-body-length-browser" "^1.0.1"
      "@smithy/util-body-length-node" "^1.0.1"
      "@smithy/util-defaults-mode-browser" "^1.0.1"
      "@smithy/util-defaults-mode-node" "^1.0.1"
      "@smithy/util-retry" "^1.0.1"
      "@smithy/util-utf8" "^1.0.1"
      fast-xml-parser "4.2.5"
      tslib "^2.5.0"
  
  "@aws-sdk/credential-provider-cognito-identity@3.369.0":
    version "3.369.0"
    resolved "https://registry.npmjs.org/@aws-sdk/credential-provider-cognito-identity/-/credential-provider-cognito-identity-3.369.0.tgz"
    integrity sha512-E69Ya4JnLO2ymtDZSGwbpXXMS4Pr3b3g+rZ3BduPc2fxRSLDfCxKE1GuO56u9pCbjZL6lJ+5FB8i7v0ptsVrOQ==
    dependencies:
      "@aws-sdk/client-cognito-identity" "3.369.0"
      "@aws-sdk/types" "3.369.0"
      "@smithy/property-provider" "^1.0.1"
      "@smithy/types" "^1.1.0"
      tslib "^2.5.0"
  
  "@aws-sdk/credential-provider-env@3.369.0":
    version "3.369.0"
    resolved "https://registry.npmjs.org/@aws-sdk/credential-provider-env/-/credential-provider-env-3.369.0.tgz"
    integrity sha512-EZUXGLjnun5t5/dVYJ9yyOwPAJktOdLEQSwtw7Q9XOxaNqVFFz9EU+TwYraV4WZ3CFRNn7GEIctVlXAHVFLm/w==
    dependencies:
      "@aws-sdk/types" "3.369.0"
      "@smithy/property-provider" "^1.0.1"
      "@smithy/types" "^1.1.0"
      tslib "^2.5.0"
  
  "@aws-sdk/credential-provider-ini@3.369.0":
    version "3.369.0"
    resolved "https://registry.npmjs.org/@aws-sdk/credential-provider-ini/-/credential-provider-ini-3.369.0.tgz"
    integrity sha512-12XXd4gnrn05adio/xPF8Nxl99L2FFzksbFILDIfSni7nLDX0m2XprnkswQiCKSbfDIQQsgnnh2F+HhorLuqfQ==
    dependencies:
      "@aws-sdk/credential-provider-env" "3.369.0"
      "@aws-sdk/credential-provider-process" "3.369.0"
      "@aws-sdk/credential-provider-sso" "3.369.0"
      "@aws-sdk/credential-provider-web-identity" "3.369.0"
      "@aws-sdk/types" "3.369.0"
      "@smithy/credential-provider-imds" "^1.0.1"
      "@smithy/property-provider" "^1.0.1"
      "@smithy/shared-ini-file-loader" "^1.0.1"
      "@smithy/types" "^1.1.0"
      tslib "^2.5.0"
  
  "@aws-sdk/credential-provider-node@3.369.0":
    version "3.369.0"
    resolved "https://registry.npmjs.org/@aws-sdk/credential-provider-node/-/credential-provider-node-3.369.0.tgz"
    integrity sha512-vxX4s33EpRDh7OhKBDVAPxdBxVHPOOj1r7nN6f0hZLw5WPeeffSjLqw+MnFj33gSO7Htnt+Q0cAJQzeY5G8q3A==
    dependencies:
      "@aws-sdk/credential-provider-env" "3.369.0"
      "@aws-sdk/credential-provider-ini" "3.369.0"
      "@aws-sdk/credential-provider-process" "3.369.0"
      "@aws-sdk/credential-provider-sso" "3.369.0"
      "@aws-sdk/credential-provider-web-identity" "3.369.0"
      "@aws-sdk/types" "3.369.0"
      "@smithy/credential-provider-imds" "^1.0.1"
      "@smithy/property-provider" "^1.0.1"
      "@smithy/shared-ini-file-loader" "^1.0.1"
      "@smithy/types" "^1.1.0"
      tslib "^2.5.0"
  
  "@aws-sdk/credential-provider-process@3.369.0":
    version "3.369.0"
    resolved "https://registry.npmjs.org/@aws-sdk/credential-provider-process/-/credential-provider-process-3.369.0.tgz"
    integrity sha512-OyasKV3mZz6TRSxczRnyZoifrtYwqGBxtr75YP37cm/JkecDshHXRcE8Jt9LyBg/93oWfKou03WVQiY9UIDJGQ==
    dependencies:
      "@aws-sdk/types" "3.369.0"
      "@smithy/property-provider" "^1.0.1"
      "@smithy/shared-ini-file-loader" "^1.0.1"
      "@smithy/types" "^1.1.0"
      tslib "^2.5.0"
  
  "@aws-sdk/credential-provider-sso@3.369.0":
    version "3.369.0"
    resolved "https://registry.npmjs.org/@aws-sdk/credential-provider-sso/-/credential-provider-sso-3.369.0.tgz"
    integrity sha512-qXbEsmgFpGPbRVnwBYPxL53wQuue0+Z8tVu877itbrzpHm61AuQ04Hn8T1boKrr40excDuxiSrCX5oCKRG4srQ==
    dependencies:
      "@aws-sdk/client-sso" "3.369.0"
      "@aws-sdk/token-providers" "3.369.0"
      "@aws-sdk/types" "3.369.0"
      "@smithy/property-provider" "^1.0.1"
      "@smithy/shared-ini-file-loader" "^1.0.1"
      "@smithy/types" "^1.1.0"
      tslib "^2.5.0"
  
  "@aws-sdk/credential-provider-web-identity@3.369.0":
    version "3.369.0"
    resolved "https://registry.npmjs.org/@aws-sdk/credential-provider-web-identity/-/credential-provider-web-identity-3.369.0.tgz"
    integrity sha512-oFGxC839pQTJ6djFEBuokSi3/jNjNMVgZSpg26Z23V/r3vKRSgXfVmeus1FLYIWg0jO7KFsMPo9eVJW6auzw6w==
    dependencies:
      "@aws-sdk/types" "3.369.0"
      "@smithy/property-provider" "^1.0.1"
      "@smithy/types" "^1.1.0"
      tslib "^2.5.0"
  
  "@aws-sdk/credential-providers@^3.186.0":
    version "3.369.0"
    resolved "https://registry.npmjs.org/@aws-sdk/credential-providers/-/credential-providers-3.369.0.tgz"
    integrity sha512-c3H3iEiutebVvHQY7igvlAKup/P8dRdpf3QqJNOCga/w6tR+MMdjhJBanHDeJjmyREfBTPySkaNY2gsLODtmCg==
    dependencies:
      "@aws-sdk/client-cognito-identity" "3.369.0"
      "@aws-sdk/client-sso" "3.369.0"
      "@aws-sdk/client-sts" "3.369.0"
      "@aws-sdk/credential-provider-cognito-identity" "3.369.0"
      "@aws-sdk/credential-provider-env" "3.369.0"
      "@aws-sdk/credential-provider-ini" "3.369.0"
      "@aws-sdk/credential-provider-node" "3.369.0"
      "@aws-sdk/credential-provider-process" "3.369.0"
      "@aws-sdk/credential-provider-sso" "3.369.0"
      "@aws-sdk/credential-provider-web-identity" "3.369.0"
      "@aws-sdk/types" "3.369.0"
      "@smithy/credential-provider-imds" "^1.0.1"
      "@smithy/property-provider" "^1.0.1"
      "@smithy/types" "^1.1.0"
      tslib "^2.5.0"
  
  "@aws-sdk/middleware-host-header@3.369.0":
    version "3.369.0"
    resolved "https://registry.npmjs.org/@aws-sdk/middleware-host-header/-/middleware-host-header-3.369.0.tgz"
    integrity sha512-ysbur68WHY7RYpGfth1Iu0+S03nSCLtIHJ+CDVYcVcyvYxaAv6y3gvfrkH9oL220uX75UVLj3tCKgAaLUBy5uA==
    dependencies:
      "@aws-sdk/types" "3.369.0"
      "@smithy/protocol-http" "^1.1.0"
      "@smithy/types" "^1.1.0"
      tslib "^2.5.0"
  
  "@aws-sdk/middleware-logger@3.369.0":
    version "3.369.0"
    resolved "https://registry.npmjs.org/@aws-sdk/middleware-logger/-/middleware-logger-3.369.0.tgz"
    integrity sha512-mp4gVRaFRRX+LEDEIlPxHOI/+k1jPPp0tuKyoyNZQS8IPOL+6bqFdPan03hkTjujeyaZOyRjpaXXat6k1HkHhw==
    dependencies:
      "@aws-sdk/types" "3.369.0"
      "@smithy/types" "^1.1.0"
      tslib "^2.5.0"
  
  "@aws-sdk/middleware-recursion-detection@3.369.0":
    version "3.369.0"
    resolved "https://registry.npmjs.org/@aws-sdk/middleware-recursion-detection/-/middleware-recursion-detection-3.369.0.tgz"
    integrity sha512-V7TNhHRTwiKlVXiaW2CYGcm3vObWdG5zU0SN7ZxHDT27eTRYL8ncVpDnQZ65HfekXL8T9llVibBTYYvZrxLJ1g==
    dependencies:
      "@aws-sdk/types" "3.369.0"
      "@smithy/protocol-http" "^1.1.0"
      "@smithy/types" "^1.1.0"
      tslib "^2.5.0"
  
  "@aws-sdk/middleware-sdk-sts@3.369.0":
    version "3.369.0"
    resolved "https://registry.npmjs.org/@aws-sdk/middleware-sdk-sts/-/middleware-sdk-sts-3.369.0.tgz"
    integrity sha512-Igizyt7TWy8kTitvE6o7R1Cfa4qLqijS/WxqT1cnHscQyZFFiIJVNypWeV4V19DZ9Msb/feAQdc8EWgHvZvYGA==
    dependencies:
      "@aws-sdk/middleware-signing" "3.369.0"
      "@aws-sdk/types" "3.369.0"
      "@smithy/types" "^1.1.0"
      tslib "^2.5.0"
  
  "@aws-sdk/middleware-signing@3.369.0":
    version "3.369.0"
    resolved "https://registry.npmjs.org/@aws-sdk/middleware-signing/-/middleware-signing-3.369.0.tgz"
    integrity sha512-55qihn+9/zjsHUNvEgc4OUWQBxVlKW9C+whVhdy8H8olwAnfOH1ui9xXQ+SAyBCD9ck3vAY89VmBeQQQGZVVQw==
    dependencies:
      "@aws-sdk/types" "3.369.0"
      "@smithy/property-provider" "^1.0.1"
      "@smithy/protocol-http" "^1.1.0"
      "@smithy/signature-v4" "^1.0.1"
      "@smithy/types" "^1.1.0"
      "@smithy/util-middleware" "^1.0.1"
      tslib "^2.5.0"
  
  "@aws-sdk/middleware-user-agent@3.369.0":
    version "3.369.0"
    resolved "https://registry.npmjs.org/@aws-sdk/middleware-user-agent/-/middleware-user-agent-3.369.0.tgz"
    integrity sha512-a7Wb3s0y+blGF654GZv3nI3ZMRARAGH7iQrF2gWGtb2Qq0f3TQGHmpoHddWObYxiFWYzdXdTC3kbsAW1zRwEAA==
    dependencies:
      "@aws-sdk/types" "3.369.0"
      "@aws-sdk/util-endpoints" "3.369.0"
      "@smithy/protocol-http" "^1.1.0"
      "@smithy/types" "^1.1.0"
      tslib "^2.5.0"
  
  "@aws-sdk/token-providers@3.369.0":
    version "3.369.0"
    resolved "https://registry.npmjs.org/@aws-sdk/token-providers/-/token-providers-3.369.0.tgz"
    integrity sha512-xIz8KbF4RMlMq0aAJbVocLB03OiqJIU5RLy+2t+bKMQ60fV4bnVINH5GxAMiFXiBIQVqfehFJlxJACtEphqQwA==
    dependencies:
      "@aws-sdk/client-sso-oidc" "3.369.0"
      "@aws-sdk/types" "3.369.0"
      "@smithy/property-provider" "^1.0.1"
      "@smithy/shared-ini-file-loader" "^1.0.1"
      "@smithy/types" "^1.1.0"
      tslib "^2.5.0"
  
  "@aws-sdk/types@^3.222.0", "@aws-sdk/types@3.369.0":
    version "3.369.0"
    resolved "https://registry.npmjs.org/@aws-sdk/types/-/types-3.369.0.tgz"
    integrity sha512-0LgII+RatF2OEFaFQcNyX72py4ZgWz+/JAv++PXv0gkIaTRnsJbSveQArNynEK+aAc/rZKWJgBvwT4FvLM2vgA==
    dependencies:
      "@smithy/types" "1.1.0"
      tslib "^2.5.0"
  
  "@aws-sdk/util-endpoints@3.369.0":
    version "3.369.0"
    resolved "https://registry.npmjs.org/@aws-sdk/util-endpoints/-/util-endpoints-3.369.0.tgz"
    integrity sha512-dkzhhMIvQRsgdomHi8fmgQ3df2cS1jeWAUIPjxV4lBikcvcF2U0CtvH9QYyMpluSNP1IYcEuONe8wfZGSrNjdg==
    dependencies:
      "@aws-sdk/types" "3.369.0"
      tslib "^2.5.0"
  
  "@aws-sdk/util-locate-window@^3.0.0":
    version "3.310.0"
    resolved "https://registry.npmjs.org/@aws-sdk/util-locate-window/-/util-locate-window-3.310.0.tgz"
    integrity sha512-qo2t/vBTnoXpjKxlsC2e1gBrRm80M3bId27r0BRB2VniSSe7bL1mmzM+/HFtujm0iAxtPM+aLEflLJlJeDPg0w==
    dependencies:
      tslib "^2.5.0"
  
  "@aws-sdk/util-user-agent-browser@3.369.0":
    version "3.369.0"
    resolved "https://registry.npmjs.org/@aws-sdk/util-user-agent-browser/-/util-user-agent-browser-3.369.0.tgz"
    integrity sha512-wrF0CqnfFac4sYr8jLZXz7B5NPxdW4GettH07Sl3ihO2aXsTvZ0RoyqzwF7Eve8ihbK0vCKt1S3/vZTOLw8sCg==
    dependencies:
      "@aws-sdk/types" "3.369.0"
      "@smithy/types" "^1.1.0"
      bowser "^2.11.0"
      tslib "^2.5.0"
  
  "@aws-sdk/util-user-agent-node@3.369.0":
    version "3.369.0"
    resolved "https://registry.npmjs.org/@aws-sdk/util-user-agent-node/-/util-user-agent-node-3.369.0.tgz"
    integrity sha512-RkiGyWp+YUlK4njsvqD7S08aihEW8aMNrT5OXmLGdukEUGWMAyvIcq4XS8MxA02GRPUxTUNInLltXwc1AaDpCw==
    dependencies:
      "@aws-sdk/types" "3.369.0"
      "@smithy/node-config-provider" "^1.0.1"
      "@smithy/types" "^1.1.0"
      tslib "^2.5.0"
  
  "@aws-sdk/util-utf8-browser@^3.0.0":
    version "3.259.0"
    resolved "https://registry.npmjs.org/@aws-sdk/util-utf8-browser/-/util-utf8-browser-3.259.0.tgz"
    integrity sha512-UvFa/vR+e19XookZF8RzFZBrw2EUkQWxiBW0yYQAhvk3C+QVGl0H3ouca8LDBlBfQKXwmW3huo/59H8rwb1wJw==
    dependencies:
      tslib "^2.3.1"
  
  "@smithy/abort-controller@^1.0.2":
    version "1.0.2"
    resolved "https://registry.npmjs.org/@smithy/abort-controller/-/abort-controller-1.0.2.tgz"
    integrity sha512-tb2h0b+JvMee+eAxTmhnyqyNk51UXIK949HnE14lFeezKsVJTB30maan+CO2IMwnig2wVYQH84B5qk6ylmKCuA==
    dependencies:
      "@smithy/types" "^1.1.1"
      tslib "^2.5.0"
  
  "@smithy/config-resolver@^1.0.1", "@smithy/config-resolver@^1.0.2":
    version "1.0.2"
    resolved "https://registry.npmjs.org/@smithy/config-resolver/-/config-resolver-1.0.2.tgz"
    integrity sha512-8Bk7CgnVKg1dn5TgnjwPz2ebhxeR7CjGs5yhVYH3S8x0q8yPZZVWwpRIglwXaf5AZBzJlNO1lh+lUhMf2e73zQ==
    dependencies:
      "@smithy/types" "^1.1.1"
      "@smithy/util-config-provider" "^1.0.2"
      "@smithy/util-middleware" "^1.0.2"
      tslib "^2.5.0"
  
  "@smithy/credential-provider-imds@^1.0.1", "@smithy/credential-provider-imds@^1.0.2":
    version "1.0.2"
    resolved "https://registry.npmjs.org/@smithy/credential-provider-imds/-/credential-provider-imds-1.0.2.tgz"
    integrity sha512-fLjCya+JOu2gPJpCiwSUyoLvT8JdNJmOaTOkKYBZoGf7CzqR6lluSyI+eboZnl/V0xqcfcqBG4tgqCISmWS3/w==
    dependencies:
      "@smithy/node-config-provider" "^1.0.2"
      "@smithy/property-provider" "^1.0.2"
      "@smithy/types" "^1.1.1"
      "@smithy/url-parser" "^1.0.2"
      tslib "^2.5.0"
  
  "@smithy/eventstream-codec@^1.0.2":
    version "1.0.2"
    resolved "https://registry.npmjs.org/@smithy/eventstream-codec/-/eventstream-codec-1.0.2.tgz"
    integrity sha512-eW/XPiLauR1VAgHKxhVvgvHzLROUgTtqat2lgljztbH8uIYWugv7Nz+SgCavB+hWRazv2iYgqrSy74GvxXq/rg==
    dependencies:
      "@aws-crypto/crc32" "3.0.0"
      "@smithy/types" "^1.1.1"
      "@smithy/util-hex-encoding" "^1.0.2"
      tslib "^2.5.0"
  
  "@smithy/fetch-http-handler@^1.0.1", "@smithy/fetch-http-handler@^1.0.2":
    version "1.0.2"
    resolved "https://registry.npmjs.org/@smithy/fetch-http-handler/-/fetch-http-handler-1.0.2.tgz"
    integrity sha512-kynyofLf62LvR8yYphPPdyHb8fWG3LepFinM/vWUTG2Q1pVpmPCM530ppagp3+q2p+7Ox0UvSqldbKqV/d1BpA==
    dependencies:
      "@smithy/protocol-http" "^1.1.1"
      "@smithy/querystring-builder" "^1.0.2"
      "@smithy/types" "^1.1.1"
      "@smithy/util-base64" "^1.0.2"
      tslib "^2.5.0"
  
  "@smithy/hash-node@^1.0.1":
    version "1.0.2"
    resolved "https://registry.npmjs.org/@smithy/hash-node/-/hash-node-1.0.2.tgz"
    integrity sha512-K6PKhcUNrJXtcesyzhIvNlU7drfIU7u+EMQuGmPw6RQDAg/ufUcfKHz4EcUhFAodUmN+rrejhRG9U6wxjeBOQA==
    dependencies:
      "@smithy/types" "^1.1.1"
      "@smithy/util-buffer-from" "^1.0.2"
      "@smithy/util-utf8" "^1.0.2"
      tslib "^2.5.0"
  
  "@smithy/invalid-dependency@^1.0.1":
    version "1.0.2"
    resolved "https://registry.npmjs.org/@smithy/invalid-dependency/-/invalid-dependency-1.0.2.tgz"
    integrity sha512-B1Y3Tsa6dfC+Vvb+BJMhTHOfFieeYzY9jWQSTR1vMwKkxsymD0OIAnEw8rD/RiDj/4E4RPGFdx9Mdgnyd6Bv5Q==
    dependencies:
      "@smithy/types" "^1.1.1"
      tslib "^2.5.0"
  
  "@smithy/is-array-buffer@^1.0.2":
    version "1.0.2"
    resolved "https://registry.npmjs.org/@smithy/is-array-buffer/-/is-array-buffer-1.0.2.tgz"
    integrity sha512-pkyBnsBRpe+c/6ASavqIMRBdRtZNJEVJOEzhpxZ9JoAXiZYbkfaSMRA/O1dUxGdJ653GHONunnZ4xMo/LJ7utQ==
    dependencies:
      tslib "^2.5.0"
  
  "@smithy/middleware-content-length@^1.0.1":
    version "1.0.2"
    resolved "https://registry.npmjs.org/@smithy/middleware-content-length/-/middleware-content-length-1.0.2.tgz"
    integrity sha512-pa1/SgGIrSmnEr2c9Apw7CdU4l/HW0fK3+LKFCPDYJrzM0JdYpqjQzgxi31P00eAkL0EFBccpus/p1n2GF9urw==
    dependencies:
      "@smithy/protocol-http" "^1.1.1"
      "@smithy/types" "^1.1.1"
      tslib "^2.5.0"
  
  "@smithy/middleware-endpoint@^1.0.1":
    version "1.0.3"
    resolved "https://registry.npmjs.org/@smithy/middleware-endpoint/-/middleware-endpoint-1.0.3.tgz"
    integrity sha512-GsWvTXMFjSgl617PCE2km//kIjjtvMRrR2GAuRDIS9sHiLwmkS46VWaVYy+XE7ubEsEtzZ5yK2e8TKDR6Qr5Lw==
    dependencies:
      "@smithy/middleware-serde" "^1.0.2"
      "@smithy/types" "^1.1.1"
      "@smithy/url-parser" "^1.0.2"
      "@smithy/util-middleware" "^1.0.2"
      tslib "^2.5.0"
  
  "@smithy/middleware-retry@^1.0.1", "@smithy/middleware-retry@^1.0.2":
    version "1.0.4"
    resolved "https://registry.npmjs.org/@smithy/middleware-retry/-/middleware-retry-1.0.4.tgz"
    integrity sha512-G7uRXGFL8c3F7APnoIMTtNAHH8vT4F2qVnAWGAZaervjupaUQuRRHYBLYubK0dWzOZz86BtAXKieJ5p+Ni2Xpg==
    dependencies:
      "@smithy/protocol-http" "^1.1.1"
      "@smithy/service-error-classification" "^1.0.3"
      "@smithy/types" "^1.1.1"
      "@smithy/util-middleware" "^1.0.2"
      "@smithy/util-retry" "^1.0.4"
      tslib "^2.5.0"
      uuid "^8.3.2"
  
  "@smithy/middleware-serde@^1.0.1", "@smithy/middleware-serde@^1.0.2":
    version "1.0.2"
    resolved "https://registry.npmjs.org/@smithy/middleware-serde/-/middleware-serde-1.0.2.tgz"
    integrity sha512-T4PcdMZF4xme6koUNfjmSZ1MLi7eoFeYCtodQNQpBNsS77TuJt1A6kt5kP/qxrTvfZHyFlj0AubACoaUqgzPeg==
    dependencies:
      "@smithy/types" "^1.1.1"
      tslib "^2.5.0"
  
  "@smithy/middleware-stack@^1.0.1", "@smithy/middleware-stack@^1.0.2":
    version "1.0.2"
    resolved "https://registry.npmjs.org/@smithy/middleware-stack/-/middleware-stack-1.0.2.tgz"
    integrity sha512-H7/uAQEcmO+eDqweEFMJ5YrIpsBwmrXSP6HIIbtxKJSQpAcMGY7KrR2FZgZBi1FMnSUOh+rQrbOyj5HQmSeUBA==
    dependencies:
      tslib "^2.5.0"
  
  "@smithy/node-config-provider@^1.0.1", "@smithy/node-config-provider@^1.0.2":
    version "1.0.2"
    resolved "https://registry.npmjs.org/@smithy/node-config-provider/-/node-config-provider-1.0.2.tgz"
    integrity sha512-HU7afWpTToU0wL6KseGDR2zojeyjECQfr8LpjAIeHCYIW7r360ABFf4EaplaJRMVoC3hD9FeltgI3/NtShOqCg==
    dependencies:
      "@smithy/property-provider" "^1.0.2"
      "@smithy/shared-ini-file-loader" "^1.0.2"
      "@smithy/types" "^1.1.1"
      tslib "^2.5.0"
  
  "@smithy/node-http-handler@^1.0.1", "@smithy/node-http-handler@^1.0.2", "@smithy/node-http-handler@^1.0.3":
    version "1.0.3"
    resolved "https://registry.npmjs.org/@smithy/node-http-handler/-/node-http-handler-1.0.3.tgz"
    integrity sha512-PcPUSzTbIb60VCJCiH0PU0E6bwIekttsIEf5Aoo/M0oTfiqsxHTn0Rcij6QoH6qJy6piGKXzLSegspXg5+Kq6g==
    dependencies:
      "@smithy/abort-controller" "^1.0.2"
      "@smithy/protocol-http" "^1.1.1"
      "@smithy/querystring-builder" "^1.0.2"
      "@smithy/types" "^1.1.1"
      tslib "^2.5.0"
  
  "@smithy/property-provider@^1.0.1", "@smithy/property-provider@^1.0.2":
    version "1.0.2"
    resolved "https://registry.npmjs.org/@smithy/property-provider/-/property-provider-1.0.2.tgz"
    integrity sha512-pXDPyzKX8opzt38B205kDgaxda6LHcTfPvTYQZnwP6BAPp1o9puiCPjeUtkKck7Z6IbpXCPUmUQnzkUzWTA42Q==
    dependencies:
      "@smithy/types" "^1.1.1"
      tslib "^2.5.0"
  
  "@smithy/protocol-http@^1.0.1", "@smithy/protocol-http@^1.1.0", "@smithy/protocol-http@^1.1.1":
    version "1.1.1"
    resolved "https://registry.npmjs.org/@smithy/protocol-http/-/protocol-http-1.1.1.tgz"
    integrity sha512-mFLFa2sSvlUxm55U7B4YCIsJJIMkA6lHxwwqOaBkral1qxFz97rGffP/mmd4JDuin1EnygiO5eNJGgudiUgmDQ==
    dependencies:
      "@smithy/types" "^1.1.1"
      tslib "^2.5.0"
  
  "@smithy/querystring-builder@^1.0.2":
    version "1.0.2"
    resolved "https://registry.npmjs.org/@smithy/querystring-builder/-/querystring-builder-1.0.2.tgz"
    integrity sha512-6P/xANWrtJhMzTPUR87AbXwSBuz1SDHIfL44TFd/GT3hj6rA+IEv7rftEpPjayUiWRocaNnrCPLvmP31mobOyA==
    dependencies:
      "@smithy/types" "^1.1.1"
      "@smithy/util-uri-escape" "^1.0.2"
      tslib "^2.5.0"
  
  "@smithy/querystring-parser@^1.0.2":
    version "1.0.2"
    resolved "https://registry.npmjs.org/@smithy/querystring-parser/-/querystring-parser-1.0.2.tgz"
    integrity sha512-IWxwxjn+KHWRRRB+K2Ngl+plTwo2WSgc2w+DvLy0DQZJh9UGOpw40d6q97/63GBlXIt4TEt5NbcFrO30CKlrsA==
    dependencies:
      "@smithy/types" "^1.1.1"
      tslib "^2.5.0"
  
  "@smithy/service-error-classification@^1.0.3":
    version "1.0.3"
    resolved "https://registry.npmjs.org/@smithy/service-error-classification/-/service-error-classification-1.0.3.tgz"
    integrity sha512-2eglIYqrtcUnuI71yweu7rSfCgt6kVvRVf0C72VUqrd0LrV1M0BM0eYN+nitp2CHPSdmMI96pi+dU9U/UqAMSA==
  
  "@smithy/shared-ini-file-loader@^1.0.1", "@smithy/shared-ini-file-loader@^1.0.2":
    version "1.0.2"
    resolved "https://registry.npmjs.org/@smithy/shared-ini-file-loader/-/shared-ini-file-loader-1.0.2.tgz"
    integrity sha512-bdQj95VN+lCXki+P3EsDyrkpeLn8xDYiOISBGnUG/AGPYJXN8dmp4EhRRR7XOoLoSs8anZHR4UcGEOzFv2jwGw==
    dependencies:
      "@smithy/types" "^1.1.1"
      tslib "^2.5.0"
  
  "@smithy/signature-v4@^1.0.1":
    version "1.0.2"
    resolved "https://registry.npmjs.org/@smithy/signature-v4/-/signature-v4-1.0.2.tgz"
    integrity sha512-rpKUhmCuPmpV5dloUkOb9w1oBnJatvKQEjIHGmkjRGZnC3437MTdzWej9TxkagcZ8NRRJavYnEUixzxM1amFig==
    dependencies:
      "@smithy/eventstream-codec" "^1.0.2"
      "@smithy/is-array-buffer" "^1.0.2"
      "@smithy/types" "^1.1.1"
      "@smithy/util-hex-encoding" "^1.0.2"
      "@smithy/util-middleware" "^1.0.2"
      "@smithy/util-uri-escape" "^1.0.2"
      "@smithy/util-utf8" "^1.0.2"
      tslib "^2.5.0"
  
  "@smithy/smithy-client@^1.0.2", "@smithy/smithy-client@^1.0.3":
    version "1.0.4"
    resolved "https://registry.npmjs.org/@smithy/smithy-client/-/smithy-client-1.0.4.tgz"
    integrity sha512-gpo0Xl5Nyp9sgymEfpt7oa9P2q/GlM3VmQIdm+FeH0QEdYOQx3OtvwVmBYAMv2FIPWxkMZlsPYRTnEiBTK5TYg==
    dependencies:
      "@smithy/middleware-stack" "^1.0.2"
      "@smithy/types" "^1.1.1"
      "@smithy/util-stream" "^1.0.2"
      tslib "^2.5.0"
  
  "@smithy/types@^1.1.0", "@smithy/types@^1.1.1":
    version "1.1.1"
    resolved "https://registry.npmjs.org/@smithy/types/-/types-1.1.1.tgz"
    integrity sha512-tMpkreknl2gRrniHeBtdgQwaOlo39df8RxSrwsHVNIGXULy5XP6KqgScUw2m12D15wnJCKWxVhCX+wbrBW/y7g==
    dependencies:
      tslib "^2.5.0"
  
  "@smithy/types@1.1.0":
    version "1.1.0"
    resolved "https://registry.npmjs.org/@smithy/types/-/types-1.1.0.tgz"
    integrity sha512-KzmvisMmuwD2jZXuC9e65JrgsZM97y5NpDU7g347oB+Q+xQLU6hQZ5zFNNbEfwwOJHoOvEVTna+dk1h/lW7alw==
    dependencies:
      tslib "^2.5.0"
  
  "@smithy/url-parser@^1.0.1", "@smithy/url-parser@^1.0.2":
    version "1.0.2"
    resolved "https://registry.npmjs.org/@smithy/url-parser/-/url-parser-1.0.2.tgz"
    integrity sha512-0JRsDMQe53F6EHRWksdcavKDRjyqp8vrjakg8EcCUOa7PaFRRB1SO/xGZdzSlW1RSTWQDEksFMTCEcVEKmAoqA==
    dependencies:
      "@smithy/querystring-parser" "^1.0.2"
      "@smithy/types" "^1.1.1"
      tslib "^2.5.0"
  
  "@smithy/util-base64@^1.0.1", "@smithy/util-base64@^1.0.2":
    version "1.0.2"
    resolved "https://registry.npmjs.org/@smithy/util-base64/-/util-base64-1.0.2.tgz"
    integrity sha512-BCm15WILJ3SL93nusoxvJGMVfAMWHZhdeDZPtpAaskozuexd0eF6szdz4kbXaKp38bFCSenA6bkUHqaE3KK0dA==
    dependencies:
      "@smithy/util-buffer-from" "^1.0.2"
      tslib "^2.5.0"
  
  "@smithy/util-body-length-browser@^1.0.1":
    version "1.0.2"
    resolved "https://registry.npmjs.org/@smithy/util-body-length-browser/-/util-body-length-browser-1.0.2.tgz"
    integrity sha512-Xh8L06H2anF5BHjSYTg8hx+Itcbf4SQZnVMl4PIkCOsKtneMJoGjPRLy17lEzfoh/GOaa0QxgCP6lRMQWzNl4w==
    dependencies:
      tslib "^2.5.0"
  
  "@smithy/util-body-length-node@^1.0.1":
    version "1.0.2"
    resolved "https://registry.npmjs.org/@smithy/util-body-length-node/-/util-body-length-node-1.0.2.tgz"
    integrity sha512-nXHbZsUtvZeyfL4Ceds9nmy2Uh2AhWXohG4vWHyjSdmT8cXZlJdmJgnH6SJKDjyUecbu+BpKeVvSrA4cWPSOPA==
    dependencies:
      tslib "^2.5.0"
  
  "@smithy/util-buffer-from@^1.0.2":
    version "1.0.2"
    resolved "https://registry.npmjs.org/@smithy/util-buffer-from/-/util-buffer-from-1.0.2.tgz"
    integrity sha512-lHAYIyrBO9RANrPvccnPjU03MJnWZ66wWuC5GjWWQVfsmPwU6m00aakZkzHdUT6tGCkGacXSgArP5wgTgA+oCw==
    dependencies:
      "@smithy/is-array-buffer" "^1.0.2"
      tslib "^2.5.0"
  
  "@smithy/util-config-provider@^1.0.2":
    version "1.0.2"
    resolved "https://registry.npmjs.org/@smithy/util-config-provider/-/util-config-provider-1.0.2.tgz"
    integrity sha512-HOdmDm+3HUbuYPBABLLHtn8ittuRyy+BSjKOA169H+EMc+IozipvXDydf+gKBRAxUa4dtKQkLraypwppzi+PRw==
    dependencies:
      tslib "^2.5.0"
  
  "@smithy/util-defaults-mode-browser@^1.0.1":
    version "1.0.2"
    resolved "https://registry.npmjs.org/@smithy/util-defaults-mode-browser/-/util-defaults-mode-browser-1.0.2.tgz"
    integrity sha512-J1u2PO235zxY7dg0+ZqaG96tFg4ehJZ7isGK1pCBEA072qxNPwIpDzUVGnLJkHZvjWEGA8rxIauDtXfB0qxeAg==
    dependencies:
      "@smithy/property-provider" "^1.0.2"
      "@smithy/types" "^1.1.1"
      bowser "^2.11.0"
      tslib "^2.5.0"
  
  "@smithy/util-defaults-mode-node@^1.0.1":
    version "1.0.2"
    resolved "https://registry.npmjs.org/@smithy/util-defaults-mode-node/-/util-defaults-mode-node-1.0.2.tgz"
    integrity sha512-9/BN63rlIsFStvI+AvljMh873Xw6bbI6b19b+PVYXyycQ2DDQImWcjnzRlHW7eP65CCUNGQ6otDLNdBQCgMXqg==
    dependencies:
      "@smithy/config-resolver" "^1.0.2"
      "@smithy/credential-provider-imds" "^1.0.2"
      "@smithy/node-config-provider" "^1.0.2"
      "@smithy/property-provider" "^1.0.2"
      "@smithy/types" "^1.1.1"
      tslib "^2.5.0"
  
  "@smithy/util-hex-encoding@^1.0.2":
    version "1.0.2"
    resolved "https://registry.npmjs.org/@smithy/util-hex-encoding/-/util-hex-encoding-1.0.2.tgz"
    integrity sha512-Bxydb5rMJorMV6AuDDMOxro3BMDdIwtbQKHpwvQFASkmr52BnpDsWlxgpJi8Iq7nk1Bt4E40oE1Isy/7ubHGzg==
    dependencies:
      tslib "^2.5.0"
  
  "@smithy/util-middleware@^1.0.1", "@smithy/util-middleware@^1.0.2":
    version "1.0.2"
    resolved "https://registry.npmjs.org/@smithy/util-middleware/-/util-middleware-1.0.2.tgz"
    integrity sha512-vtXK7GOR2BoseCX8NCGe9SaiZrm9M2lm/RVexFGyPuafTtry9Vyv7hq/vw8ifd/G/pSJ+msByfJVb1642oQHKw==
    dependencies:
      tslib "^2.5.0"
  
  "@smithy/util-retry@^1.0.1", "@smithy/util-retry@^1.0.2", "@smithy/util-retry@^1.0.4":
    version "1.0.4"
    resolved "https://registry.npmjs.org/@smithy/util-retry/-/util-retry-1.0.4.tgz"
    integrity sha512-RnZPVFvRoqdj2EbroDo3OsnnQU8eQ4AlnZTOGusbYKybH3269CFdrZfZJloe60AQjX7di3J6t/79PjwCLO5Khw==
    dependencies:
      "@smithy/service-error-classification" "^1.0.3"
      tslib "^2.5.0"
  
  "@smithy/util-stream@^1.0.2":
    version "1.0.2"
    resolved "https://registry.npmjs.org/@smithy/util-stream/-/util-stream-1.0.2.tgz"
    integrity sha512-qyN2M9QFMTz4UCHi6GnBfLOGYKxQZD01Ga6nzaXFFC51HP/QmArU72e4kY50Z/EtW8binPxspP2TAsGbwy9l3A==
    dependencies:
      "@smithy/fetch-http-handler" "^1.0.2"
      "@smithy/node-http-handler" "^1.0.3"
      "@smithy/types" "^1.1.1"
      "@smithy/util-base64" "^1.0.2"
      "@smithy/util-buffer-from" "^1.0.2"
      "@smithy/util-hex-encoding" "^1.0.2"
      "@smithy/util-utf8" "^1.0.2"
      tslib "^2.5.0"
  
  "@smithy/util-uri-escape@^1.0.2":
    version "1.0.2"
    resolved "https://registry.npmjs.org/@smithy/util-uri-escape/-/util-uri-escape-1.0.2.tgz"
    integrity sha512-k8C0BFNS9HpBMHSgUDnWb1JlCQcFG+PPlVBq9keP4Nfwv6a9Q0yAfASWqUCtzjuMj1hXeLhn/5ADP6JxnID1Pg==
    dependencies:
      tslib "^2.5.0"
  
  "@smithy/util-utf8@^1.0.1", "@smithy/util-utf8@^1.0.2":
    version "1.0.2"
    resolved "https://registry.npmjs.org/@smithy/util-utf8/-/util-utf8-1.0.2.tgz"
    integrity sha512-V4cyjKfJlARui0dMBfWJMQAmJzoW77i4N3EjkH/bwnE2Ngbl4tqD2Y0C/xzpzY/J1BdxeCKxAebVFk8aFCaSCw==
    dependencies:
      "@smithy/util-buffer-from" "^1.0.2"
      tslib "^2.5.0"
  
  "@types/node@*":
    version "20.4.1"
    resolved "https://registry.npmjs.org/@types/node/-/node-20.4.1.tgz"
    integrity sha512-JIzsAvJeA/5iY6Y/OxZbv1lUcc8dNSE77lb2gnBH+/PJ3lFR1Ccvgwl5JWnHAkNHcRsT0TbpVOsiMKZ1F/yyJg==
  
  "@types/webidl-conversions@*":
    version "7.0.0"
    resolved "https://registry.npmjs.org/@types/webidl-conversions/-/webidl-conversions-7.0.0.tgz"
    integrity sha512-xTE1E+YF4aWPJJeUzaZI5DRntlkY3+BCVJi0axFptnjGmAoWxkyREIh/XMrfxVLejwQxMCfDXdICo0VLxThrog==
  
  "@types/whatwg-url@^8.2.1":
    version "8.2.2"
    resolved "https://registry.npmjs.org/@types/whatwg-url/-/whatwg-url-8.2.2.tgz"
    integrity sha512-FtQu10RWgn3D9U4aazdwIE2yzphmTJREDqNdODHrbrZmmMqI0vMheC/6NE/J1Yveaj8H+ela+YwWTjq5PGmuhA==
    dependencies:
      "@types/node" "*"
      "@types/webidl-conversions" "*"
  
  accepts@~1.3.8:
    version "1.3.8"
    resolved "https://registry.npmjs.org/accepts/-/accepts-1.3.8.tgz"
    integrity sha512-PYAthTa2m2VKxuvSD3DPC/Gy+U+sOA1LAuT8mkmRuvw+NACSaeXEQ+NHcVF7rONl6qcaxV3Uuemwawk+7+SJLw==
    dependencies:
      mime-types "~2.1.34"
      negotiator "0.6.3"
  
  array-flatten@1.1.1:
    version "1.1.1"
    resolved "https://registry.npmjs.org/array-flatten/-/array-flatten-1.1.1.tgz"
    integrity sha512-PCVAQswWemu6UdxsDFFX/+gVeYqKAod3D3UVm91jHwynguOwAvYPhx8nNlM++NqRcK6CxxpUafjmhIdKiHibqg==
  
  base64-js@^1.3.1:
    version "1.5.1"
    resolved "https://registry.npmjs.org/base64-js/-/base64-js-1.5.1.tgz"
    integrity sha512-AKpaYlHn8t4SVbOHCy+b5+KKgvR4vrsD8vbvrbiQJps7fKDTkjkDry6ji0rUJjC0kzbNePLwzxq8iypo41qeWA==
  
  bcryptjs@^2.4.3:
    version "2.4.3"
    resolved "https://registry.npmjs.org/bcryptjs/-/bcryptjs-2.4.3.tgz"
    integrity sha512-V/Hy/X9Vt7f3BbPJEi8BdVFMByHi+jNXrYkW3huaybV/kQ0KJg0Y6PkEMbn+zeT+i+SiKZ/HMqJGIIt4LZDqNQ==
  
  body-parser@1.20.1:
    version "1.20.1"
    resolved "https://registry.npmjs.org/body-parser/-/body-parser-1.20.1.tgz"
    integrity sha512-jWi7abTbYwajOytWCQc37VulmWiRae5RyTpaCyDcS5/lMdtwSz5lOpDE67srw/HYe35f1z3fDQw+3txg7gNtWw==
    dependencies:
      bytes "3.1.2"
      content-type "~1.0.4"
      debug "2.6.9"
      depd "2.0.0"
      destroy "1.2.0"
      http-errors "2.0.0"
      iconv-lite "0.4.24"
      on-finished "2.4.1"
      qs "6.11.0"
      raw-body "2.5.1"
      type-is "~1.6.18"
      unpipe "1.0.0"
  
  bowser@^2.11.0:
    version "2.11.0"
    resolved "https://registry.npmjs.org/bowser/-/bowser-2.11.0.tgz"
    integrity sha512-AlcaJBi/pqqJBIQ8U9Mcpc9i8Aqxn88Skv5d+xBX006BY5u8N3mGLHa5Lgppa7L/HfwgwLgZ6NYs+Ag6uUmJRA==
  
  bson@^4.7.2:
    version "4.7.2"
    resolved "https://registry.npmjs.org/bson/-/bson-4.7.2.tgz"
    integrity sha512-Ry9wCtIZ5kGqkJoi6aD8KjxFZEx78guTQDnpXWiNthsxzrxAK/i8E6pCHAIZTbaEFWcOCvbecMukfK7XUvyLpQ==
    dependencies:
      buffer "^5.6.0"
  
  buffer@^5.6.0:
    version "5.7.1"
    resolved "https://registry.npmjs.org/buffer/-/buffer-5.7.1.tgz"
    integrity sha512-EHcyIPBQ4BSGlvjB16k5KgAJ27CIsHY/2JBmCRReo48y9rQ3MaUzWX3KVlBa4U7MyX02HdVj0K7C3WaB3ju7FQ==
    dependencies:
      base64-js "^1.3.1"
      ieee754 "^1.1.13"
  
  bytes@3.1.2:
    version "3.1.2"
    resolved "https://registry.npmjs.org/bytes/-/bytes-3.1.2.tgz"
    integrity sha512-/Nf7TyzTx6S3yRJObOAV7956r8cr2+Oj8AC5dt8wSP3BQAoeX58NoHyCU8P8zGkNXStjTSi6fzO6F0pBdcYbEg==
  
  call-bind@^1.0.0:
    version "1.0.2"
    resolved "https://registry.npmjs.org/call-bind/-/call-bind-1.0.2.tgz"
    integrity sha512-7O+FbCihrB5WGbFYesctwmTKae6rOiIzmz1icreWJ+0aA7LJfuqhEso2T9ncpcFtzMQtzXf2QGGueWJGTYsqrA==
    dependencies:
      function-bind "^1.1.1"
      get-intrinsic "^1.0.2"
  
  content-disposition@0.5.4:
    version "0.5.4"
    resolved "https://registry.npmjs.org/content-disposition/-/content-disposition-0.5.4.tgz"
    integrity sha512-FveZTNuGw04cxlAiWbzi6zTAL/lhehaWbTtgluJh4/E95DqMwTmha3KZN1aAWA8cFIhHzMZUvLevkw5Rqk+tSQ==
    dependencies:
      safe-buffer "5.2.1"
  
  content-type@~1.0.4:
    version "1.0.5"
    resolved "https://registry.npmjs.org/content-type/-/content-type-1.0.5.tgz"
    integrity sha512-nTjqfcBFEipKdXCv4YDQWCfmcLZKm81ldF0pAopTvyrFGVbcR6P/VAAd5G7N+0tTr8QqiU0tFadD6FK4NtJwOA==
  
  cookie-signature@1.0.6:
    version "1.0.6"
    resolved "https://registry.npmjs.org/cookie-signature/-/cookie-signature-1.0.6.tgz"
    integrity sha512-QADzlaHc8icV8I7vbaJXJwod9HWYp8uCqf1xa4OfNu1T7JVxQIrUgOWtHdNDtPiywmFbiS12VjotIXLrKM3orQ==
  
  cookie@0.5.0:
    version "0.5.0"
    resolved "https://registry.npmjs.org/cookie/-/cookie-0.5.0.tgz"
    integrity sha512-YZ3GUyn/o8gfKJlnlX7g7xq4gyO6OSuhGPKaaGssGB2qgDUS0gPgtTvoyZLTt9Ab6dC4hfc9dV5arkvc/OCmrw==
  
  debug@2.6.9:
    version "2.6.9"
    resolved "https://registry.npmjs.org/debug/-/debug-2.6.9.tgz"
    integrity sha512-bC7ElrdJaJnPbAP+1EotYvqZsb3ecl5wi6Bfi6BJTUcNowp6cvspg0jXznRTKDjm/E7AdgFBVeAPVMNcKGsHMA==
    dependencies:
      ms "2.0.0"
  
  debug@4.x:
    version "4.3.4"
    resolved "https://registry.npmjs.org/debug/-/debug-4.3.4.tgz"
    integrity sha512-PRWFHuSU3eDtQJPvnNY7Jcket1j0t5OuOsFzPPzsekD52Zl8qUfFIPEiswXqIvHWGVHOgX+7G/vCNNhehwxfkQ==
    dependencies:
      ms "2.1.2"
  
  depd@2.0.0:
    version "2.0.0"
    resolved "https://registry.npmjs.org/depd/-/depd-2.0.0.tgz"
    integrity sha512-g7nH6P6dyDioJogAAGprGpCtVImJhpPk/roCzdb3fIh61/s/nPsfR6onyMwkCAR/OlC3yBC0lESvUoQEAssIrw==
  
  destroy@1.2.0:
    version "1.2.0"
    resolved "https://registry.npmjs.org/destroy/-/destroy-1.2.0.tgz"
    integrity sha512-2sJGJTaXIIaR1w4iJSNoN0hnMY7Gpc/n8D4qSCJw8QqFWXf7cuAgnEHxBpweaVcPevC2l3KpjYCx3NypQQgaJg==
  
  dotenv@^16.0.3:
    version "16.3.1"
    resolved "https://registry.npmjs.org/dotenv/-/dotenv-16.3.1.tgz"
    integrity sha512-IPzF4w4/Rd94bA9imS68tZBaYyBWSCE47V1RGuMrB94iyTOIEwRmVL2x/4An+6mETpLrKJ5hQkB8W4kFAadeIQ==
  
  ee-first@1.1.1:
    version "1.1.1"
    resolved "https://registry.npmjs.org/ee-first/-/ee-first-1.1.1.tgz"
    integrity sha512-WMwm9LhRUo+WUaRN+vRuETqG89IgZphVSNkdFgeb6sS/E4OrDIN7t48CAewSHXc6C8lefD8KKfr5vY61brQlow==
  
  encodeurl@~1.0.2:
    version "1.0.2"
    resolved "https://registry.npmjs.org/encodeurl/-/encodeurl-1.0.2.tgz"
    integrity sha512-TPJXq8JqFaVYm2CWmPvnP2Iyo4ZSM7/QKcSmuMLDObfpH5fi7RUGmd/rTDf+rut/saiDiQEeVTNgAmJEdAOx0w==
  
  escape-html@~1.0.3:
    version "1.0.3"
    resolved "https://registry.npmjs.org/escape-html/-/escape-html-1.0.3.tgz"
    integrity sha512-NiSupZ4OeuGwr68lGIeym/ksIZMJodUGOSCZ/FSnTxcrekbvqrgdUxlJOMpijaKZVjAJrWrGs/6Jy8OMuyj9ow==
  
  esm@^3.2.25:
    version "3.2.25"
    resolved "https://registry.npmjs.org/esm/-/esm-3.2.25.tgz"
    integrity sha512-U1suiZ2oDVWv4zPO56S0NcR5QriEahGtdN2OR6FiOG4WJvcjBVFB0qI4+eKoWFH483PKGuLuu6V8Z4T5g63UVA==
  
  etag@~1.8.1:
    version "1.8.1"
    resolved "https://registry.npmjs.org/etag/-/etag-1.8.1.tgz"
    integrity sha512-aIL5Fx7mawVa300al2BnEE4iNvo1qETxLrPI/o05L7z6go7fCw1J6EQmbK4FmJ2AS7kgVF/KEZWufBfdClMcPg==
  
  express@^4.18.2:
    version "4.18.2"
    resolved "https://registry.npmjs.org/express/-/express-4.18.2.tgz"
    integrity sha512-5/PsL6iGPdfQ/lKM1UuielYgv3BUoJfz1aUwU9vHZ+J7gyvwdQXFEBIEIaxeGf0GIcreATNyBExtalisDbuMqQ==
    dependencies:
      accepts "~1.3.8"
      array-flatten "1.1.1"
      body-parser "1.20.1"
      content-disposition "0.5.4"
      content-type "~1.0.4"
      cookie "0.5.0"
      cookie-signature "1.0.6"
      debug "2.6.9"
      depd "2.0.0"
      encodeurl "~1.0.2"
      escape-html "~1.0.3"
      etag "~1.8.1"
      finalhandler "1.2.0"
      fresh "0.5.2"
      http-errors "2.0.0"
      merge-descriptors "1.0.1"
      methods "~1.1.2"
      on-finished "2.4.1"
      parseurl "~1.3.3"
      path-to-regexp "0.1.7"
      proxy-addr "~2.0.7"
      qs "6.11.0"
      range-parser "~1.2.1"
      safe-buffer "5.2.1"
      send "0.18.0"
      serve-static "1.15.0"
      setprototypeof "1.2.0"
      statuses "2.0.1"
      type-is "~1.6.18"
      utils-merge "1.0.1"
      vary "~1.1.2"
  
  fast-xml-parser@4.2.5:
    version "4.2.5"
    resolved "https://registry.npmjs.org/fast-xml-parser/-/fast-xml-parser-4.2.5.tgz"
    integrity sha512-B9/wizE4WngqQftFPmdaMYlXoJlJOYxGQOanC77fq9k8+Z0v5dDSVh+3glErdIROP//s/jgb7ZuxKfB8nVyo0g==
    dependencies:
      strnum "^1.0.5"
  
  finalhandler@1.2.0:
    version "1.2.0"
    resolved "https://registry.npmjs.org/finalhandler/-/finalhandler-1.2.0.tgz"
    integrity sha512-5uXcUVftlQMFnWC9qu/svkWv3GTd2PfUhK/3PLkYNAe7FbqJMt3515HaxE6eRL74GdsriiwujiawdaB1BpEISg==
    dependencies:
      debug "2.6.9"
      encodeurl "~1.0.2"
      escape-html "~1.0.3"
      on-finished "2.4.1"
      parseurl "~1.3.3"
      statuses "2.0.1"
      unpipe "~1.0.0"
  
  forwarded@0.2.0:
    version "0.2.0"
    resolved "https://registry.npmjs.org/forwarded/-/forwarded-0.2.0.tgz"
    integrity sha512-buRG0fpBtRHSTCOASe6hD258tEubFoRLb4ZNA6NxMVHNw2gOcwHo9wyablzMzOA5z9xA9L1KNjk/Nt6MT9aYow==
  
  fresh@0.5.2:
    version "0.5.2"
    resolved "https://registry.npmjs.org/fresh/-/fresh-0.5.2.tgz"
    integrity sha512-zJ2mQYM18rEFOudeV4GShTGIQ7RbzA7ozbU9I/XBpm7kqgMywgmylMwXHxZJmkVoYkna9d2pVXVXPdYTP9ej8Q==
  
  function-bind@^1.1.1:
    version "1.1.1"
    resolved "https://registry.npmjs.org/function-bind/-/function-bind-1.1.1.tgz"
    integrity sha512-yIovAzMX49sF8Yl58fSCWJ5svSLuaibPxXQJFLmBObTuCr0Mf1KiPopGM9NiFjiYBCbfaa2Fh6breQ6ANVTI0A==
  
  get-intrinsic@^1.0.2:
    version "1.2.1"
    resolved "https://registry.npmjs.org/get-intrinsic/-/get-intrinsic-1.2.1.tgz"
    integrity sha512-2DcsyfABl+gVHEfCOaTrWgyt+tb6MSEGmKq+kI5HwLbIYgjgmMcV8KQ41uaKz1xxUcn9tJtgFbQUEVcEbd0FYw==
    dependencies:
      function-bind "^1.1.1"
      has "^1.0.3"
      has-proto "^1.0.1"
      has-symbols "^1.0.3"
  
  has-proto@^1.0.1:
    version "1.0.1"
    resolved "https://registry.npmjs.org/has-proto/-/has-proto-1.0.1.tgz"
    integrity sha512-7qE+iP+O+bgF9clE5+UoBFzE65mlBiVj3tKCrlNQ0Ogwm0BjpT/gK4SlLYDMybDh5I3TCTKnPPa0oMG7JDYrhg==
  
  has-symbols@^1.0.3:
    version "1.0.3"
    resolved "https://registry.npmjs.org/has-symbols/-/has-symbols-1.0.3.tgz"
    integrity sha512-l3LCuF6MgDNwTDKkdYGEihYjt5pRPbEg46rtlmnSPlUbgmB8LOIrKJbYYFBSbnPaJexMKtiPO8hmeRjRz2Td+A==
  
  has@^1.0.3:
    version "1.0.3"
    resolved "https://registry.npmjs.org/has/-/has-1.0.3.tgz"
    integrity sha512-f2dvO0VU6Oej7RkWJGrehjbzMAjFp5/VKPp5tTpWIV4JHHZK1/BxbFRtf/siA2SWTe09caDmVtYYzWEIbBS4zw==
    dependencies:
      function-bind "^1.1.1"
  
  http-errors@2.0.0:
    version "2.0.0"
    resolved "https://registry.npmjs.org/http-errors/-/http-errors-2.0.0.tgz"
    integrity sha512-FtwrG/euBzaEjYeRqOgly7G0qviiXoJWnvEH2Z1plBdXgbyjv34pHTSb9zoeHMyDy33+DWy5Wt9Wo+TURtOYSQ==
    dependencies:
      depd "2.0.0"
      inherits "2.0.4"
      setprototypeof "1.2.0"
      statuses "2.0.1"
      toidentifier "1.0.1"
  
  iconv-lite@0.4.24:
    version "0.4.24"
    resolved "https://registry.npmjs.org/iconv-lite/-/iconv-lite-0.4.24.tgz"
    integrity sha512-v3MXnZAcvnywkTUEZomIActle7RXXeedOR31wwl7VlyoXO4Qi9arvSenNQWne1TcRwhCL1HwLI21bEqdpj8/rA==
    dependencies:
      safer-buffer ">= 2.1.2 < 3"
  
  ieee754@^1.1.13:
    version "1.2.1"
    resolved "https://registry.npmjs.org/ieee754/-/ieee754-1.2.1.tgz"
    integrity sha512-dcyqhDvX1C46lXZcVqCpK+FtMRQVdIMN6/Df5js2zouUsqG7I6sFxitIC+7KYK29KdXOLHdu9zL4sFnoVQnqaA==
  
  inherits@2.0.4:
    version "2.0.4"
    resolved "https://registry.npmjs.org/inherits/-/inherits-2.0.4.tgz"
    integrity sha512-k/vGaX4/Yla3WzyMCvTQOXYeIHvqOKtnqBduzTHpzpQZzAskKMhZ2K+EnBiSM9zGSoIFeMpXKxa4dYeZIQqewQ==
  
  ip@^2.0.0:
    version "2.0.0"
    resolved "https://registry.npmjs.org/ip/-/ip-2.0.0.tgz"
    integrity sha512-WKa+XuLG1A1R0UWhl2+1XQSi+fZWMsYKffMZTTYsiZaUD8k2yDAj5atimTUD2TZkyCkNEeYE5NhFZmupOGtjYQ==
  
  ipaddr.js@1.9.1:
    version "1.9.1"
    resolved "https://registry.npmjs.org/ipaddr.js/-/ipaddr.js-1.9.1.tgz"
    integrity sha512-0KI/607xoxSToH7GjN1FfSbLoU0+btTicjsQSWQlh/hZykN8KpmMf7uYwPW3R+akZ6R/w18ZlXSHBYXiYUPO3g==
  
  kareem@2.5.1:
    version "2.5.1"
    resolved "https://registry.npmjs.org/kareem/-/kareem-2.5.1.tgz"
    integrity sha512-7jFxRVm+jD+rkq3kY0iZDJfsO2/t4BBPeEb2qKn2lR/9KhuksYk5hxzfRYWMPV8P/x2d0kHD306YyWLzjjH+uA==
  
  media-typer@0.3.0:
    version "0.3.0"
    resolved "https://registry.npmjs.org/media-typer/-/media-typer-0.3.0.tgz"
    integrity sha512-dq+qelQ9akHpcOl/gUVRTxVIOkAJ1wR3QAvb4RsVjS8oVoFjDGTc679wJYmUmknUF5HwMLOgb5O+a3KxfWapPQ==
  
  memory-pager@^1.0.2:
    version "1.5.0"
    resolved "https://registry.npmjs.org/memory-pager/-/memory-pager-1.5.0.tgz"
    integrity sha512-ZS4Bp4r/Zoeq6+NLJpP+0Zzm0pR8whtGPf1XExKLJBAczGMnSi3It14OiNCStjQjM6NU1okjQGSxgEZN8eBYKg==
  
  merge-descriptors@1.0.1:
    version "1.0.1"
    resolved "https://registry.npmjs.org/merge-descriptors/-/merge-descriptors-1.0.1.tgz"
    integrity sha512-cCi6g3/Zr1iqQi6ySbseM1Xvooa98N0w31jzUYrXPX2xqObmFGHJ0tQ5u74H3mVh7wLouTseZyYIq39g8cNp1w==
  
  methods@~1.1.2:
    version "1.1.2"
    resolved "https://registry.npmjs.org/methods/-/methods-1.1.2.tgz"
    integrity sha512-iclAHeNqNm68zFtnZ0e+1L2yUIdvzNoauKU4WBA3VvH/vPFieF7qfRlwUZU+DA9P9bPXIS90ulxoUoCH23sV2w==
  
  mime-db@1.52.0:
    version "1.52.0"
    resolved "https://registry.npmjs.org/mime-db/-/mime-db-1.52.0.tgz"
    integrity sha512-sPU4uV7dYlvtWJxwwxHD0PuihVNiE7TyAbQ5SWxDCB9mUYvOgroQOwYQQOKPJ8CIbE+1ETVlOoK1UC2nU3gYvg==
  
  mime-types@~2.1.24, mime-types@~2.1.34:
    version "2.1.35"
    resolved "https://registry.npmjs.org/mime-types/-/mime-types-2.1.35.tgz"
    integrity sha512-ZDY+bPm5zTTF+YpCrAU9nK0UgICYPT0QtT1NZWFv4s++TNkcgVaT0g6+4R2uI4MjQjzysHB1zxuWL50hzaeXiw==
    dependencies:
      mime-db "1.52.0"
  
  mime@1.6.0:
    version "1.6.0"
    resolved "https://registry.npmjs.org/mime/-/mime-1.6.0.tgz"
    integrity sha512-x0Vn8spI+wuJ1O6S7gnbaQg8Pxh4NNHb7KSINmEWKiPE4RKOplvijn+NkmYmmRgP68mc70j2EbeTFRsrswaQeg==
  
  mongodb-connection-string-url@^2.5.4:
    version "2.6.0"
    resolved "https://registry.npmjs.org/mongodb-connection-string-url/-/mongodb-connection-string-url-2.6.0.tgz"
    integrity sha512-WvTZlI9ab0QYtTYnuMLgobULWhokRjtC7db9LtcVfJ+Hsnyr5eo6ZtNAt3Ly24XZScGMelOcGtm7lSn0332tPQ==
    dependencies:
      "@types/whatwg-url" "^8.2.1"
      whatwg-url "^11.0.0"
  
  mongodb@4.16.0:
    version "4.16.0"
    resolved "https://registry.npmjs.org/mongodb/-/mongodb-4.16.0.tgz"
    integrity sha512-0EB113Fsucaq1wsY0dOhi1fmZOwFtLOtteQkiqOXGklvWMnSH3g2QS53f0KTP+/6qOkuoXE2JksubSZNmxeI+g==
    dependencies:
      bson "^4.7.2"
      mongodb-connection-string-url "^2.5.4"
      socks "^2.7.1"
    optionalDependencies:
      "@aws-sdk/credential-providers" "^3.186.0"
      saslprep "^1.0.3"
  
  mongoose@^6.9.2:
    version "6.11.3"
    resolved "https://registry.npmjs.org/mongoose/-/mongoose-6.11.3.tgz"
    integrity sha512-M1Y5PjttgV51YDa30u7GVMVypQSlNZF/jUhlzTBAmaz5C9FvOr8eih/VLhhO7xtTSlcVTFQS1dqlQNMbtfUowQ==
    dependencies:
      bson "^4.7.2"
      kareem "2.5.1"
      mongodb "4.16.0"
      mpath "0.9.0"
      mquery "4.0.3"
      ms "2.1.3"
      sift "16.0.1"
  
  mpath@0.9.0:
    version "0.9.0"
    resolved "https://registry.npmjs.org/mpath/-/mpath-0.9.0.tgz"
    integrity sha512-ikJRQTk8hw5DEoFVxHG1Gn9T/xcjtdnOKIU1JTmGjZZlg9LST2mBLmcX3/ICIbgJydT2GOc15RnNy5mHmzfSew==
  
  mquery@4.0.3:
    version "4.0.3"
    resolved "https://registry.npmjs.org/mquery/-/mquery-4.0.3.tgz"
    integrity sha512-J5heI+P08I6VJ2Ky3+33IpCdAvlYGTSUjwTPxkAr8i8EoduPMBX2OY/wa3IKZIQl7MU4SbFk8ndgSKyB/cl1zA==
    dependencies:
      debug "4.x"
  
  ms@2.0.0:
    version "2.0.0"
    resolved "https://registry.npmjs.org/ms/-/ms-2.0.0.tgz"
    integrity sha512-Tpp60P6IUJDTuOq/5Z8cdskzJujfwqfOTkrwIwj7IRISpnkJnT6SyJ4PCPnGMoFjC9ddhal5KVIYtAt97ix05A==
  
  ms@2.1.2:
    version "2.1.2"
    resolved "https://registry.npmjs.org/ms/-/ms-2.1.2.tgz"
    integrity sha512-sGkPx+VjMtmA6MX27oA4FBFELFCZZ4S4XqeGOXCv68tT+jb3vk/RyaKWP0PTKyWtmLSM0b+adUTEvbs1PEaH2w==
  
  ms@2.1.3:
    version "2.1.3"
    resolved "https://registry.npmjs.org/ms/-/ms-2.1.3.tgz"
    integrity sha512-6FlzubTLZG3J2a/NVCAleEhjzq5oxgHyaCU9yYXvcLsvoVaHJq/s5xXI6/XXP6tz7R9xAOtHnSO/tXtF3WRTlA==
  
  negotiator@0.6.3:
    version "0.6.3"
    resolved "https://registry.npmjs.org/negotiator/-/negotiator-0.6.3.tgz"
    integrity sha512-+EUsqGPLsM+j/zdChZjsnX51g4XrHFOIXwfnCVPGlQk/k5giakcKsuxCObBRu6DSm9opw/O6slWbJdghQM4bBg==
  
  object-inspect@^1.9.0:
    version "1.12.3"
    resolved "https://registry.npmjs.org/object-inspect/-/object-inspect-1.12.3.tgz"
    integrity sha512-geUvdk7c+eizMNUDkRpW1wJwgfOiOeHbxBR/hLXK1aT6zmVSO0jsQcs7fj6MGw89jC/cjGfLcNOrtMYtGqm81g==
  
  on-finished@2.4.1:
    version "2.4.1"
    resolved "https://registry.npmjs.org/on-finished/-/on-finished-2.4.1.tgz"
    integrity sha512-oVlzkg3ENAhCk2zdv7IJwd/QUD4z2RxRwpkcGY8psCVcCYZNq4wYnVWALHM+brtuJjePWiYF/ClmuDr8Ch5+kg==
    dependencies:
      ee-first "1.1.1"
  
  parseurl@~1.3.3:
    version "1.3.3"
    resolved "https://registry.npmjs.org/parseurl/-/parseurl-1.3.3.tgz"
    integrity sha512-CiyeOxFT/JZyN5m0z9PfXw4SCBJ6Sygz1Dpl0wqjlhDEGGBP1GnsUVEL0p63hoG1fcj3fHynXi9NYO4nWOL+qQ==
  
  path-to-regexp@0.1.7:
    version "0.1.7"
    resolved "https://registry.npmjs.org/path-to-regexp/-/path-to-regexp-0.1.7.tgz"
    integrity sha512-5DFkuoqlv1uYQKxy8omFBeJPQcdoE07Kv2sferDCrAq1ohOU+MSDswDIbnx3YAM60qIOnYa53wBhXW0EbMonrQ==
  
  proxy-addr@~2.0.7:
    version "2.0.7"
    resolved "https://registry.npmjs.org/proxy-addr/-/proxy-addr-2.0.7.tgz"
    integrity sha512-llQsMLSUDUPT44jdrU/O37qlnifitDP+ZwrmmZcoSKyLKvtZxpyV0n2/bD/N4tBAAZ/gJEdZU7KMraoK1+XYAg==
    dependencies:
      forwarded "0.2.0"
      ipaddr.js "1.9.1"
  
  punycode@^2.1.1:
    version "2.3.0"
    resolved "https://registry.npmjs.org/punycode/-/punycode-2.3.0.tgz"
    integrity sha512-rRV+zQD8tVFys26lAGR9WUuS4iUAngJScM+ZRSKtvl5tKeZ2t5bvdNFdNHBW9FWR4guGHlgmsZ1G7BSm2wTbuA==
  
  qs@6.11.0:
    version "6.11.0"
    resolved "https://registry.npmjs.org/qs/-/qs-6.11.0.tgz"
    integrity sha512-MvjoMCJwEarSbUYk5O+nmoSzSutSsTwF85zcHPQ9OrlFoZOYIjaqBAJIqIXjptyD5vThxGq52Xu/MaJzRkIk4Q==
    dependencies:
      side-channel "^1.0.4"
  
  range-parser@~1.2.1:
    version "1.2.1"
    resolved "https://registry.npmjs.org/range-parser/-/range-parser-1.2.1.tgz"
    integrity sha512-Hrgsx+orqoygnmhFbKaHE6c296J+HTAQXoxEF6gNupROmmGJRoyzfG3ccAveqCBrwr/2yxQ5BVd/GTl5agOwSg==
  
  raw-body@2.5.1:
    version "2.5.1"
    resolved "https://registry.npmjs.org/raw-body/-/raw-body-2.5.1.tgz"
    integrity sha512-qqJBtEyVgS0ZmPGdCFPWJ3FreoqvG4MVQln/kCgF7Olq95IbOp0/BWyMwbdtn4VTvkM8Y7khCQ2Xgk/tcrCXig==
    dependencies:
      bytes "3.1.2"
      http-errors "2.0.0"
      iconv-lite "0.4.24"
      unpipe "1.0.0"
  
  safe-buffer@5.2.1:
    version "5.2.1"
    resolved "https://registry.npmjs.org/safe-buffer/-/safe-buffer-5.2.1.tgz"
    integrity sha512-rp3So07KcdmmKbGvgaNxQSJr7bGVSVk5S9Eq1F+ppbRo70+YeaDxkw5Dd8NPN+GD6bjnYm2VuPuCXmpuYvmCXQ==
  
  "safer-buffer@>= 2.1.2 < 3":
    version "2.1.2"
    resolved "https://registry.npmjs.org/safer-buffer/-/safer-buffer-2.1.2.tgz"
    integrity sha512-YZo3K82SD7Riyi0E1EQPojLz7kpepnSQI9IyPbHHg1XXXevb5dJI7tpyN2ADxGcQbHG7vcyRHk0cbwqcQriUtg==
  
  saslprep@^1.0.3:
    version "1.0.3"
    resolved "https://registry.npmjs.org/saslprep/-/saslprep-1.0.3.tgz"
    integrity sha512-/MY/PEMbk2SuY5sScONwhUDsV2p77Znkb/q3nSVstq/yQzYJOH/Azh29p9oJLsl3LnQwSvZDKagDGBsBwSooag==
    dependencies:
      sparse-bitfield "^3.0.3"
  
  send@0.18.0:
    version "0.18.0"
    resolved "https://registry.npmjs.org/send/-/send-0.18.0.tgz"
    integrity sha512-qqWzuOjSFOuqPjFe4NOsMLafToQQwBSOEpS+FwEt3A2V3vKubTquT3vmLTQpFgMXp8AlFWFuP1qKaJZOtPpVXg==
    dependencies:
      debug "2.6.9"
      depd "2.0.0"
      destroy "1.2.0"
      encodeurl "~1.0.2"
      escape-html "~1.0.3"
      etag "~1.8.1"
      fresh "0.5.2"
      http-errors "2.0.0"
      mime "1.6.0"
      ms "2.1.3"
      on-finished "2.4.1"
      range-parser "~1.2.1"
      statuses "2.0.1"
  
  serve-static@1.15.0:
    version "1.15.0"
    resolved "https://registry.npmjs.org/serve-static/-/serve-static-1.15.0.tgz"
    integrity sha512-XGuRDNjXUijsUL0vl6nSD7cwURuzEgglbOaFuZM9g3kwDXOWVTck0jLzjPzGD+TazWbboZYu52/9/XPdUgne9g==
    dependencies:
      encodeurl "~1.0.2"
      escape-html "~1.0.3"
      parseurl "~1.3.3"
      send "0.18.0"
  
  setprototypeof@1.2.0:
    version "1.2.0"
    resolved "https://registry.npmjs.org/setprototypeof/-/setprototypeof-1.2.0.tgz"
    integrity sha512-E5LDX7Wrp85Kil5bhZv46j8jOeboKq5JMmYM3gVGdGH8xFpPWXUMsNrlODCrkoxMEeNi/XZIwuRvY4XNwYMJpw==
  
  side-channel@^1.0.4:
    version "1.0.4"
    resolved "https://registry.npmjs.org/side-channel/-/side-channel-1.0.4.tgz"
    integrity sha512-q5XPytqFEIKHkGdiMIrY10mvLRvnQh42/+GoBlFW3b2LXLE2xxJpZFdm94we0BaoV3RwJyGqg5wS7epxTv0Zvw==
    dependencies:
      call-bind "^1.0.0"
      get-intrinsic "^1.0.2"
      object-inspect "^1.9.0"
  
  sift@16.0.1:
    version "16.0.1"
    resolved "https://registry.npmjs.org/sift/-/sift-16.0.1.tgz"
    integrity sha512-Wv6BjQ5zbhW7VFefWusVP33T/EM0vYikCaQ2qR8yULbsilAT8/wQaXvuQ3ptGLpoKx+lihJE3y2UTgKDyyNHZQ==
  
  smart-buffer@^4.2.0:
    version "4.2.0"
    resolved "https://registry.npmjs.org/smart-buffer/-/smart-buffer-4.2.0.tgz"
    integrity sha512-94hK0Hh8rPqQl2xXc3HsaBoOXKV20MToPkcXvwbISWLEs+64sBq5kFgn2kJDHb1Pry9yrP0dxrCI9RRci7RXKg==
  
  socks@^2.7.1:
    version "2.7.1"
    resolved "https://registry.npmjs.org/socks/-/socks-2.7.1.tgz"
    integrity sha512-7maUZy1N7uo6+WVEX6psASxtNlKaNVMlGQKkG/63nEDdLOWNbiUMoLK7X4uYoLhQstau72mLgfEWcXcwsaHbYQ==
    dependencies:
      ip "^2.0.0"
      smart-buffer "^4.2.0"
  
  sparse-bitfield@^3.0.3:
    version "3.0.3"
    resolved "https://registry.npmjs.org/sparse-bitfield/-/sparse-bitfield-3.0.3.tgz"
    integrity sha512-kvzhi7vqKTfkh0PZU+2D2PIllw2ymqJKujUcyPMd9Y75Nv4nPbGJZXNhxsgdQab2BmlDct1YnfQCguEvHr7VsQ==
    dependencies:
      memory-pager "^1.0.2"
  
  statuses@2.0.1:
    version "2.0.1"
    resolved "https://registry.npmjs.org/statuses/-/statuses-2.0.1.tgz"
    integrity sha512-RwNA9Z/7PrK06rYLIzFMlaF+l73iwpzsqRIFgbMLbTcLD6cOao82TaWefPXQvB2fOC4AjuYSEndS7N/mTCbkdQ==
  
  strnum@^1.0.5:
    version "1.0.5"
    resolved "https://registry.npmjs.org/strnum/-/strnum-1.0.5.tgz"
    integrity sha512-J8bbNyKKXl5qYcR36TIO8W3mVGVHrmmxsd5PAItGkmyzwJvybiw2IVq5nqd0i4LSNSkB/sx9VHllbfFdr9k1JA==
  
  toidentifier@1.0.1:
    version "1.0.1"
    resolved "https://registry.npmjs.org/toidentifier/-/toidentifier-1.0.1.tgz"
    integrity sha512-o5sSPKEkg/DIQNmH43V0/uerLrpzVedkUh8tGNvaeXpfpuwjKenlSox/2O/BTlZUtEe+JG7s5YhEz608PlAHRA==
  
  tr46@^3.0.0:
    version "3.0.0"
    resolved "https://registry.npmjs.org/tr46/-/tr46-3.0.0.tgz"
    integrity sha512-l7FvfAHlcmulp8kr+flpQZmVwtu7nfRV7NZujtN0OqES8EL4O4e0qqzL0DC5gAvx/ZC/9lk6rhcUwYvkBnBnYA==
    dependencies:
      punycode "^2.1.1"
  
  tslib@^1.11.1:
    version "1.14.1"
    resolved "https://registry.npmjs.org/tslib/-/tslib-1.14.1.tgz"
    integrity sha512-Xni35NKzjgMrwevysHTCArtLDpPvye8zV/0E4EyYn43P7/7qvQwPh9BGkHewbMulVntbigmcT7rdX3BNo9wRJg==
  
  tslib@^2.3.1, tslib@^2.5.0:
    version "2.6.0"
    resolved "https://registry.npmjs.org/tslib/-/tslib-2.6.0.tgz"
    integrity sha512-7At1WUettjcSRHXCyYtTselblcHl9PJFFVKiCAy/bY97+BPZXSQ2wbq0P9s8tK2G7dFQfNnlJnPAiArVBVBsfA==
  
  type-is@~1.6.18:
    version "1.6.18"
    resolved "https://registry.npmjs.org/type-is/-/type-is-1.6.18.tgz"
    integrity sha512-TkRKr9sUTxEH8MdfuCSP7VizJyzRNMjj2J2do2Jr3Kym598JVdEksuzPQCnlFPW4ky9Q+iA+ma9BGm06XQBy8g==
    dependencies:
      media-typer "0.3.0"
      mime-types "~2.1.24"
  
  unpipe@~1.0.0, unpipe@1.0.0:
    version "1.0.0"
    resolved "https://registry.npmjs.org/unpipe/-/unpipe-1.0.0.tgz"
    integrity sha512-pjy2bYhSsufwWlKwPc+l3cN7+wuJlK6uz0YdJEOlQDbl6jo/YlPi4mb8agUkVC8BF7V8NuzeyPNqRksA3hztKQ==
  
  utils-merge@1.0.1:
    version "1.0.1"
    resolved "https://registry.npmjs.org/utils-merge/-/utils-merge-1.0.1.tgz"
    integrity sha512-pMZTvIkT1d+TFGvDOqodOclx0QWkkgi6Tdoa8gC8ffGAAqz9pzPTZWAybbsHHoED/ztMtkv/VoYTYyShUn81hA==
  
  uuid@^8.3.2:
    version "8.3.2"
    resolved "https://registry.npmjs.org/uuid/-/uuid-8.3.2.tgz"
    integrity sha512-+NYs2QeMWy+GWFOEm9xnn6HCDp0l7QBD7ml8zLUmJ+93Q5NF0NocErnwkTkXVFNiX3/fpC6afS8Dhb/gz7R7eg==
  
  vary@~1.1.2:
    version "1.1.2"
    resolved "https://registry.npmjs.org/vary/-/vary-1.1.2.tgz"
    integrity sha512-BNGbWLfd0eUPabhkXUVm0j8uuvREyTh5ovRa/dyow/BqAbZJyC+5fU+IzQOzmAKzYqYRAISoRhdQr3eIZ/PXqg==
  
  webidl-conversions@^7.0.0:
    version "7.0.0"
    resolved "https://registry.npmjs.org/webidl-conversions/-/webidl-conversions-7.0.0.tgz"
    integrity sha512-VwddBukDzu71offAQR975unBIGqfKZpM+8ZX6ySk8nYhVoo5CYaZyzt3YBvYtRtO+aoGlqxPg/B87NGVZ/fu6g==
  
  whatwg-url@^11.0.0:
    version "11.0.0"
    resolved "https://registry.npmjs.org/whatwg-url/-/whatwg-url-11.0.0.tgz"
    integrity sha512-RKT8HExMpoYx4igMiVMY83lN6UeITKJlBQ+vR/8ZJ8OCdSiN3RwCq+9gH0+Xzj0+5IrM6i4j/6LuvzbZIQgEcQ==
    dependencies:
      tr46 "^3.0.0"
      webidl-conversions "^7.0.0"
